QFontDatabase: Cannot find font directory /home/roy/anaconda3/envs/unitree_rl_mjlab/lib/python3.11/site-packages/cv2/qt/fonts.
Note that Qt no longer ships fonts. Deploy some (from https://dejavu-fonts.github.io/ for example) or switch to fontconfig.
QFontDatabase: Cannot find font directory /home/roy/anaconda3/envs/unitree_rl_mjlab/lib/python3.11/site-packages/cv2/qt/fonts.
Note that Qt no longer ships fonts. Deploy some (from https://dejavu-fonts.github.io/ for example) or switch to fontconfig.
QFontDatabase: Cannot find font directory /home/roy/anaconda3/envs/unitree_rl_mjlab/lib/python3.11/site-packages/cv2/qt/fonts.
Note that Qt no longer ships fonts. Deploy some (from https://dejavu-fonts.github.io/ for example) or switch to fontconfig.
QFontDatabase: Cannot find font directory /home/roy/anaconda3/envs/unitree_rl_mjlab/lib/python3.11/site-packages/cv2/qt/fonts.
Note that Qt no longer ships fonts. Deploy some (from https://dejavu-fonts.github.io/ for example) or switch to fontconfig.
QFontDatabase: Cannot find font directory /home/roy/anaconda3/envs/unitree_rl_mjlab/lib/python3.11/site-packages/cv2/qt/fonts.
Note that Qt no longer ships fonts. Deploy some (from https://dejavu-fonts.github.io/ for example) or switch to fontconfig.
Error, more than one new minima found.
Error, more than one new minima found.
Error, more than one new minima found.
Error, more than one new minima found.
Error, more than one new minima found.
Error, more than one new minima found.
Error, more than one new minima found.
Error, more than one new minima found.
Error, more than one new minima found.
Error, more than one new minima found.
Error, more than one new minima found.
Error, more than one new minima found.
Error, more than one new minima found.
Error, more than one new minima found.
Error, more than one new minima found.
Error, more than one new minima found.
Error, more than one new minima found.
Error, more than one new minima found.
Error, more than one new minima found.
Error, more than one new minima found.
Error, more than one new minima found.
Error, more than one new minima found.
Error, more than one new minima found.
Error, more than one new minima found.
Error, more than one new minima found.
Error, more than one new minima found.
Error, more than one new minima found.
Error, more than one new minima found.
Error, more than one new minima found.
Error, more than one new minima found.
Error, more than one new minima found.
Error, more than one new minima found.
Error, more than one new minima found.
Error, more than one new minima found.
Error, more than one new minima found.
Error, more than one new minima found.
Error, more than one new minima found.
Error, more than one new minima found.
Error, more than one new minima found.
Error, more than one new minima found.
Error, more than one new minima found.
Error, more than one new minima found.
Error, more than one new minima found.
Error, more than one new minima found.
Error, more than one new minima found.
Error, more than one new minima found.
Error, more than one new minima found.
Error, more than one new minima found.
Error, more than one new minima found.
Error, more than one new minima found.
Error, more than one new minima found.
Error, more than one new minima found.
Error, more than one new minima found.
Error, more than one new minima found.
Error, more than one new minima found.
Error, more than one new minima found.
Error, more than one new minima found.
Error, more than one new minima found.
Error, more than one new minima found.
Error, more than one new minima found.
Error, more than one new minima found.
Error, more than one new minima found.
Error, more than one new minima found.
Error, more than one new minima found.
Error, more than one new minima found.
Error, more than one new minima found.
Error, more than one new minima found.
Error, more than one new minima found.
Error, more than one new minima found.
Error, more than one new minima found.
Error, more than one new minima found.
Error, more than one new minima found.
Error, more than one new minima found.
Error, more than one new minima found.
Error, more than one new minima found.
Error, more than one new minima found.
Error, more than one new minima found.
Error, more than one new minima found.
Error, more than one new minima found.
Error, more than one new minima found.
Error, more than one new minima found.
Error, more than one new minima found.
Error, more than one new minima found.
Error, more than one new minima found.
Error, more than one new minima found.
Error, more than one new minima found.
Error, more than one new minima found.
Error, more than one new minima found.
Error, more than one new minima found.
Error, more than one new minima found.
Error, more than one new minima found.
Error, more than one new minima found.
Error, more than one new minima found.
Error, more than one new minima found.
Error, more than one new minima found.
Error, more than one new minima found.
Error, more than one new minima found.
Error, more than one new minima found.
Error, more than one new minima found.
Error, more than one new minima found.
Error, more than one new minima found.
Error, more than one new minima found.
Error, more than one new minima found.
Error, more than one new minima found.
Error, more than one new minima found.
Error, more than one new minima found.
Error, more than one new minima found.
Error, more than one new minima found.
Error, more than one new minima found.
Error, more than one new minima found.
Error, more than one new minima found.
Error, more than one new minima found.
Error, more than one new minima found.
Error, more than one new minima found.
Error, more than one new minima found.
Error, more than one new minima found.
Error, more than one new minima found.
Error, more than one new minima found.
Error, more than one new minima found.
Error, more than one new minima found.
Error, more than one new minima found.
Error, more than one new minima found.
Error, more than one new minima found.
Error, more than one new minima found.
Error, more than one new minima found.
Error, more than one new minima found.
Error, more than one new minima found.
Error, more than one new minima found.
Error, more than one new minima found.
Error, more than one new minima found.
Error, more than one new minima found.
Error, more than one new minima found.
Error, more than one new minima found.
Error, more than one new minima found.
Error, more than one new minima found.
Error, more than one new minima found.
Error, more than one new minima found.
Error, more than one new minima found.
Error, more than one new minima found.
Error, more than one new minima found.
Error, more than one new minima found.
Error, more than one new minima found.
Error, more than one new minima found.
Error, more than one new minima found.
Error, more than one new minima found.
Error, more than one new minima found.
Error, more than one new minima found.
Error, more than one new minima found.
Error, more than one new minima found.
Error, more than one new minima found.
Error, more than one new minima found.
Error, more than one new minima found.
Error, more than one new minima found.
Error, more than one new minima found.
Error, more than one new minima found.
Error, more than one new minima found.
Error, more than one new minima found.
Error, more than one new minima found.
Error, more than one new minima found.
Error, more than one new minima found.
Error, more than one new minima found.
Error, more than one new minima found.
Error, more than one new minima found.
Error, more than one new minima found.
Error, more than one new minima found.
Error, more than one new minima found.
Error, more than one new minima found.
Error, more than one new minima found.
Error, more than one new minima found.
Error, more than one new minima found.
Error, more than one new minima found.
Error, more than one new minima found.
Error, more than one new minima found.
Error, more than one new minima found.
Error, more than one new minima found.
Error, more than one new minima found.
Error, more than one new minima found.
Error, more than one new minima found.
Error, more than one new minima found.
Error, more than one new minima found.
Error, more than one new minima found.
Error, more than one new minima found.
Error, more than one new minima found.
Error, more than one new minima found.
Error, more than one new minima found.
Error, more than one new minima found.
Error, more than one new minima found.
Error, more than one new minima found.
Error, more than one new minima found.
Error, more than one new minima found.
Error, more than one new minima found.
Error, more than one new minima found.
Error, more than one new minima found.
Error, more than one new minima found.
Error, more than one new minima found.
Error, more than one new minima found.
Error, more than one new minima found.
Error, more than one new minima found.
Error, more than one new minima found.
Error, more than one new minima found.
Error, more than one new minima found.
Error, more than one new minima found.
Error, more than one new minima found.
Error, more than one new minima found.
Error, more than one new minima found.
Error, more than one new minima found.
Error, more than one new minima found.
Error, more than one new minima found.
Error, more than one new minima found.
Error, more than one new minima found.
Error, more than one new minima found.
Error, more than one new minima found.
Error, more than one new minima found.
Error, more than one new minima found.
Error, more than one new minima found.
Error, more than one new minima found.
Error, more than one new minima found.
Error, more than one new minima found.
Error, more than one new minima found.
Error, more than one new minima found.
Error, more than one new minima found.
Error, more than one new minima found.
Error, more than one new minima found.
Error, more than one new minima found.
Error, more than one new minima found.
Error, more than one new minima found.
Error, more than one new minima found.
Error, more than one new minima found.
Error, more than one new minima found.
Error, more than one new minima found.
Error, more than one new minima found.
Error, more than one new minima found.
Error, more than one new minima found.
Error, more than one new minima found.
Error, more than one new minima found.
Error, more than one new minima found.
Error, more than one new minima found.
Error, more than one new minima found.
Error, more than one new minima found.
Error, more than one new minima found.
Error, more than one new minima found.
Error, more than one new minima found.
Error, more than one new minima found.
Error, more than one new minima found.
Error, more than one new minima found.
Error, more than one new minima found.
Error, more than one new minima found.
Error, more than one new minima found.
Error, more than one new minima found.
Error, more than one new minima found.
Error, more than one new minima found.
Error, more than one new minima found.
Error, more than one new minima found.
Error, more than one new minima found.
Error, more than one new minima found.
Error, more than one new minima found.
Error, more than one new minima found.
Error, more than one new minima found.
Error, more than one new minima found.
Error, more than one new minima found.
Error, more than one new minima found.
Error, more than one new minima found.
Error, more than one new minima found.
Error, more than one new minima found.
Error, more than one new minima found.
Error, more than one new minima found.
Error, more than one new minima found.
Error, more than one new minima found.
Error, more than one new minima found.
Error, more than one new minima found.
Error, more than one new minima found.
Error, more than one new minima found.
Error, more than one new minima found.
Error, more than one new minima found.
Error, more than one new minima found.
Error, more than one new minima found.
Error, more than one new minima found.
Error, more than one new minima found.
Error, more than one new minima found.
Error, more than one new minima found.
Error, more than one new minima found.
Error, more than one new minima found.
Error, more than one new minima found.
Error, more than one new minima found.
Error, more than one new minima found.
Error, more than one new minima found.
Error, more than one new minima found.
Error, more than one new minima found.
Error, more than one new minima found.
Error, more than one new minima found.
Error, more than one new minima found.
Error, more than one new minima found.
Error, more than one new minima found.
Error, more than one new minima found.
Error, more than one new minima found.
Error, more than one new minima found.
Error, more than one new minima found.
Error, more than one new minima found.
Error, more than one new minima found.
Error, more than one new minima found.
Error, more than one new minima found.
Error, more than one new minima found.
Error, more than one new minima found.
Error, more than one new minima found.
Error, more than one new minima found.
Error, more than one new minima found.
Error, more than one new minima found.
Error, more than one new minima found.
Error, more than one new minima found.
Error, more than one new minima found.
Error, more than one new minima found.
Error, more than one new minima found.
Error, more than one new minima found.
Error, more than one new minima found.
Error, more than one new minima found.
Error, more than one new minima found.
Error, more than one new minima found.
Error, more than one new minima found.
Error, more than one new minima found.
Error, more than one new minima found.
Error, more than one new minima found.
Error, more than one new minima found.
Error, more than one new minima found.
Error, more than one new minima found.
Error, more than one new minima found.
Error, more than one new minima found.
Error, more than one new minima found.
Error, more than one new minima found.
Error, more than one new minima found.
Error, more than one new minima found.
Error, more than one new minima found.
Error, more than one new minima found.
Error, more than one new minima found.
Error, more than one new minima found.
Error, more than one new minima found.
Error, more than one new minima found.
Error, more than one new minima found.
Error, more than one new minima found.
Error, more than one new minima found.
Error, more than one new minima found.
Error, more than one new minima found.
Error, more than one new minima found.
Error, more than one new minima found.
Error, more than one new minima found.
Error, more than one new minima found.
Error, more than one new minima found.
Error, more than one new minima found.
Error, more than one new minima found.
Error, more than one new minima found.
Error, more than one new minima found.
Error, more than one new minima found.
Error, more than one new minima found.
Error, more than one new minima found.
Error, more than one new minima found.
Error, more than one new minima found.
Error, more than one new minima found.
Error, more than one new minima found.
Error, more than one new minima found.
Error, more than one new minima found.
Error, more than one new minima found.
Error, more than one new minima found.
Error, more than one new minima found.
Error, more than one new minima found.
Error, more than one new minima found.
Error, more than one new minima found.
Error, more than one new minima found.
Error, more than one new minima found.
Error, more than one new minima found.
Error, more than one new minima found.
Error, more than one new minima found.
Error, more than one new minima found.
Error, more than one new minima found.
Error, more than one new minima found.
Error, more than one new minima found.
Error, more than one new minima found.
Error, more than one new minima found.
Error, more than one new minima found.
Error, more than one new minima found.
Error, more than one new minima found.
Error, more than one new minima found.
Error, more than one new minima found.
Error, more than one new minima found.
Error, more than one new minima found.
Error, more than one new minima found.
Error, more than one new minima found.
Error, more than one new minima found.
Error, more than one new minima found.
Error, more than one new minima found.
Error, more than one new minima found.
Error, more than one new minima found.
Error, more than one new minima found.
Error, more than one new minima found.
Error, more than one new minima found.
Error, more than one new minima found.
Error, more than one new minima found.
Error, more than one new minima found.
Error, more than one new minima found.
Error, more than one new minima found.
Error, more than one new minima found.
Error, more than one new minima found.
Error, more than one new minima found.
Error, more than one new minima found.
Error, more than one new minima found.
Error, more than one new minima found.
Error, more than one new minima found.
Error, more than one new minima found.
Error, more than one new minima found.
Error, more than one new minima found.
Error, more than one new minima found.
Error, more than one new minima found.
Error, more than one new minima found.
Error, more than one new minima found.
Error, more than one new minima found.
Error, more than one new minima found.
Error, more than one new minima found.
Error, more than one new minima found.
Error, more than one new minima found.
Error, more than one new minima found.
Error, more than one new minima found.
Error, more than one new minima found.
Error, more than one new minima found.
Error, more than one new minima found.
Error, more than one new minima found.
Error, more than one new minima found.
Error, more than one new minima found.
Error, more than one new minima found.
Error, more than one new minima found.
Error, more than one new minima found.
Error, more than one new minima found.
Error, more than one new minima found.
Error, more than one new minima found.
Error, more than one new minima found.
Error, more than one new minima found.
Error, more than one new minima found.
Error, more than one new minima found.
Error, more than one new minima found.
Error, more than one new minima found.
Error, more than one new minima found.
Error, more than one new minima found.
Error, more than one new minima found.
Error, more than one new minima found.
Error, more than one new minima found.
Error, more than one new minima found.
Error, more than one new minima found.
Error, more than one new minima found.
Error, more than one new minima found.
Error, more than one new minima found.
Error, more than one new minima found.
Error, more than one new minima found.
Error, more than one new minima found.
Error, more than one new minima found.
Error, more than one new minima found.
Error, more than one new minima found.
Error, more than one new minima found.
Error, more than one new minima found.
Error, more than one new minima found.
Error, more than one new minima found.
Error, more than one new minima found.
Error, more than one new minima found.
Error, more than one new minima found.
Error, more than one new minima found.
Error, more than one new minima found.
Error, more than one new minima found.
Error, more than one new minima found.
Error, more than one new minima found.
Error, more than one new minima found.
Error, more than one new minima found.
Error, more than one new minima found.
Error, more than one new minima found.
Error, more than one new minima found.
Error, more than one new minima found.
Error, more than one new minima found.
Error, more than one new minima found.
Error, more than one new minima found.
Error, more than one new minima found.
Error, more than one new minima found.
Error, more than one new minima found.
Error, more than one new minima found.
Error, more than one new minima found.
Error, more than one new minima found.
Error, more than one new minima found.
Error, more than one new minima found.
Error, more than one new minima found.
Error, more than one new minima found.
Error, more than one new minima found.
Error, more than one new minima found.
Error, more than one new minima found.
Error, more than one new minima found.
Error, more than one new minima found.
Error, more than one new minima found.
Error, more than one new minima found.
Error, more than one new minima found.
Error, more than one new minima found.
Error, more than one new minima found.
Error, more than one new minima found.
Error, more than one new minima found.
Error, more than one new minima found.
Error, more than one new minima found.
Error, more than one new minima found.
Error, more than one new minima found.
Error, more than one new minima found.
Error, more than one new minima found.
Error, more than one new minima found.
Error, more than one new minima found.
Error, more than one new minima found.
Error, more than one new minima found.
Error, more than one new minima found.
Error, more than one new minima found.
Error, more than one new minima found.
Error, more than one new minima found.
Error, more than one new minima found.
Error, more than one new minima found.
Error, more than one new minima found.
Error, more than one new minima found.
Error, more than one new minima found.
Error, more than one new minima found.
Error, more than one new minima found.
Error, more than one new minima found.
Error, more than one new minima found.
Error, more than one new minima found.
Error, more than one new minima found.
Error, more than one new minima found.
Error, more than one new minima found.
Error, more than one new minima found.
Error, more than one new minima found.
Error, more than one new minima found.
Error, more than one new minima found.
Error, more than one new minima found.
Error, more than one new minima found.
Error, more than one new minima found.
Error, more than one new minima found.
Error, more than one new minima found.
Error, more than one new minima found.
Error, more than one new minima found.
Error, more than one new minima found.
Error, more than one new minima found.
Error, more than one new minima found.
Error, more than one new minima found.
Error, more than one new minima found.
Error, more than one new minima found.
Error, more than one new minima found.
Error, more than one new minima found.
Error, more than one new minima found.
Error, more than one new minima found.
Error, more than one new minima found.
Error, more than one new minima found.
Error, more than one new minima found.
Error, more than one new minima found.
Error, more than one new minima found.
Error, more than one new minima found.
Error, more than one new minima found.
Error, more than one new minima found.
Error, more than one new minima found.
Error, more than one new minima found.
Error, more than one new minima found.
Error, more than one new minima found.
Error, more than one new minima found.
Error, more than one new minima found.
Error, more than one new minima found.
Error, more than one new minima found.
Error, more than one new minima found.
Error, more than one new minima found.
Error, more than one new minima found.
Error, more than one new minima found.
Error, more than one new minima found.
Error, more than one new minima found.
Error, more than one new minima found.
Error, more than one new minima found.
Error, more than one new minima found.
Error, more than one new minima found.
Error, more than one new minima found.
Error, more than one new minima found.
Error, more than one new minima found.
Error, more than one new minima found.
Error, more than one new minima found.
Error, more than one new minima found.
Error, more than one new minima found.
Error, more than one new minima found.
Error, more than one new minima found.
Error, more than one new minima found.
Error, more than one new minima found.
Error, more than one new minima found.
Error, more than one new minima found.
Error, more than one new minima found.
Error, more than one new minima found.
Error, more than one new minima found.
Error, more than one new minima found.
Error, more than one new minima found.
Error, more than one new minima found.
Error, more than one new minima found.
Error, more than one new minima found.
Error, more than one new minima found.
Error, more than one new minima found.
Error, more than one new minima found.
Error, more than one new minima found.
Error, more than one new minima found.
Error, more than one new minima found.
Error, more than one new minima found.
Error, more than one new minima found.
Error, more than one new minima found.
Error, more than one new minima found.
Error, more than one new minima found.
Error, more than one new minima found.
Error, more than one new minima found.
Error, more than one new minima found.
Error, more than one new minima found.
Error, more than one new minima found.
Error, more than one new minima found.
Error, more than one new minima found.
Error, more than one new minima found.
Error, more than one new minima found.
Error, more than one new minima found.
Error, more than one new minima found.
Error, more than one new minima found.
Error, more than one new minima found.
Error, more than one new minima found.
Error, more than one new minima found.
Error, more than one new minima found.
Error, more than one new minima found.
Error, more than one new minima found.
Error, more than one new minima found.
Error, more than one new minima found.
Error, more than one new minima found.
Error, more than one new minima found.
Error, more than one new minima found.
Error, more than one new minima found.
Error, more than one new minima found.
Error, more than one new minima found.
Error, more than one new minima found.
Error, more than one new minima found.
Error, more than one new minima found.
Error, more than one new minima found.
Error, more than one new minima found.
Error, more than one new minima found.
Error, more than one new minima found.
Error, more than one new minima found.
Error, more than one new minima found.
Error, more than one new minima found.
Error, more than one new minima found.
Error, more than one new minima found.
Error, more than one new minima found.
Error, more than one new minima found.
Error, more than one new minima found.
Error, more than one new minima found.
Error, more than one new minima found.
Error, more than one new minima found.
Error, more than one new minima found.
Error, more than one new minima found.
Error, more than one new minima found.
Error, more than one new minima found.
Error, more than one new minima found.
Error, more than one new minima found.
Error, more than one new minima found.
Error, more than one new minima found.
Error, more than one new minima found.
Error, more than one new minima found.
Error, more than one new minima found.
Error, more than one new minima found.
Error, more than one new minima found.
Error, more than one new minima found.
Error, more than one new minima found.
Error, more than one new minima found.
Error, more than one new minima found.
Error, more than one new minima found.
Error, more than one new minima found.
Error, more than one new minima found.
Error, more than one new minima found.
Error, more than one new minima found.
Error, more than one new minima found.
Error, more than one new minima found.
Error, more than one new minima found.
Error, more than one new minima found.
Error, more than one new minima found.
Error, more than one new minima found.
Error, more than one new minima found.
Error, more than one new minima found.
Error, more than one new minima found.
Error, more than one new minima found.
Error, more than one new minima found.
Error, more than one new minima found.
Error, more than one new minima found.
Error, more than one new minima found.
Error, more than one new minima found.
Error, more than one new minima found.
Error, more than one new minima found.
Error, more than one new minima found.
Error, more than one new minima found.
Error, more than one new minima found.
Error, more than one new minima found.
Error, more than one new minima found.
Error, more than one new minima found.
Error, more than one new minima found.
Error, more than one new minima found.
Error, more than one new minima found.
Error, more than one new minima found.
Error, more than one new minima found.
Error, more than one new minima found.
Error, more than one new minima found.
Error, more than one new minima found.
Error, more than one new minima found.
[anchor] loaded 1 anchor(s) from config/floor_anchor_transforms.json: [10]
[multicam] T_tag_torso.npz not found; using head_z_offset=+0.250 m
[detector] quad_decimate=2.0  nthreads=9 (per-detector=3)  decode_sharpening=0.25  parallel=ON  n_cams=3

======================================================
Multicam shadow logger (robot torso + box)
cams: cam1=935322072654  cam2=115222071236  cam3=112322072671
origin_id=1  anchor_ids=[10]  margin_min=20.0
head_tag_id=9  pelvis_tag_ids=[8, 7]  box_tags=[0, 2, 3, 4, 5]
head_z_offset=+0.250  pelvis_to_root_z=-0.050  root_to_torso_z=-0.200
origin_hold=True (max 30 frames)
csv_out=outputs/sub8_45_taghist.csv  print_every=30
stream=960x540@60  axes=on
======================================================

[multicam] CSV logging -> outputs/sub8_45_taghist_20260523_211353.csv
[multicam] UDP publish -> 192.168.123.164:9999
[timing avg/30f] grab= 13.4  detect= 47.1  fuse=  0.4  gui=  1.7  csv=  0.2  TOTAL= 62.9ms (15.9fps)
[timing avg/30f] grab=  0.1  detect= 45.4  fuse=  0.4  gui=  0.6  csv=  0.1  TOTAL= 46.7ms (21.4fps)
[timing avg/30f] grab=  0.1  detect= 48.5  fuse=  0.4  gui=  0.6  csv=  0.2  TOTAL= 49.9ms (20.0fps)
[timing avg/30f] grab=  0.1  detect= 46.4  fuse=  0.3  gui=  0.6  csv=  0.1  TOTAL= 47.7ms (21.0fps)
[timing avg/30f] grab=  0.1  detect= 43.5  fuse=  0.3  gui=  0.6  csv=  0.2  TOTAL= 44.8ms (22.3fps)
[timing avg/30f] grab=  0.1  detect= 44.5  fuse=  0.4  gui=  0.6  csv=  0.1  TOTAL= 45.8ms (21.8fps)
[timing avg/30f] grab=  0.1  detect= 49.0  fuse=  0.4  gui=  0.6  csv=  0.2  TOTAL= 50.4ms (19.8fps)
[timing avg/30f] grab=  0.1  detect= 56.5  fuse=  0.4  gui=  0.6  csv=  0.2  TOTAL= 58.1ms (17.2fps)
[timing avg/30f] grab=  0.1  detect= 50.6  fuse=  0.4  gui=  0.6  csv=  0.2  TOTAL= 52.0ms (19.2fps)
[timing avg/30f] grab=  0.1  detect= 57.7  fuse=  0.4  gui=  0.6  csv=  0.2  TOTAL= 59.1ms (16.9fps)
[timing avg/30f] grab=  0.1  detect= 55.7  fuse=  0.3  gui=  0.6  csv=  0.1  TOTAL= 57.0ms (17.6fps)
[timing avg/30f] grab=  0.1  detect= 53.2  fuse=  0.3  gui=  0.6  csv=  0.1  TOTAL= 54.5ms (18.4fps)
[timing avg/30f] grab=  0.1  detect= 57.4  fuse=  0.3  gui=  0.6  csv=  0.1  TOTAL= 58.6ms (17.1fps)
[timing avg/30f] grab=  0.1  detect= 53.9  fuse=  0.3  gui=  0.6  csv=  0.1  TOTAL= 55.1ms (18.2fps)
[timing avg/30f] grab=  0.1  detect= 49.6  fuse=  0.3  gui=  0.6  csv=  0.1  TOTAL= 50.8ms (19.7fps)
[timing avg/30f] grab=  0.1  detect= 52.9  fuse=  0.3  gui=  0.6  csv=  0.1  TOTAL= 54.2ms (18.5fps)
[timing avg/30f] grab=  0.1  detect= 48.7  fuse=  0.3  gui=  0.6  csv=  0.1  TOTAL= 49.9ms (20.0fps)
[timing avg/30f] grab=  0.1  detect= 47.2  fuse=  0.3  gui=  0.5  csv=  0.1  TOTAL= 48.4ms (20.7fps)
[timing avg/30f] grab=  0.1  detect= 47.5  fuse=  0.3  gui=  0.6  csv=  0.1  TOTAL= 48.7ms (20.5fps)
[timing avg/30f] grab=  0.1  detect= 47.8  fuse=  0.3  gui=  0.5  csv=  0.1  TOTAL= 49.0ms (20.4fps)
[timing avg/30f] grab=  0.1  detect= 46.9  fuse=  0.3  gui=  0.6  csv=  0.1  TOTAL= 48.2ms (20.7fps)
[timing avg/30f] grab=  0.1  detect= 50.7  fuse=  0.3  gui=  0.6  csv=  0.2  TOTAL= 52.0ms (19.2fps)
[timing avg/30f] grab=  0.1  detect= 51.1  fuse=  0.3  gui=  0.6  csv=  0.2  TOTAL= 52.3ms (19.1fps)
[timing avg/30f] grab=  0.1  detect= 51.8  fuse=  0.4  gui=  0.6  csv=  0.2  TOTAL= 53.2ms (18.8fps)
[timing avg/30f] grab=  0.1  detect= 47.3  fuse=  0.3  gui=  0.6  csv=  0.1  TOTAL= 48.5ms (20.6fps)
[timing avg/30f] grab=  0.1  detect= 47.2  fuse=  0.3  gui=  0.5  csv=  0.2  TOTAL= 48.4ms (20.7fps)
[timing avg/30f] grab=  0.1  detect= 48.0  fuse=  0.3  gui=  0.5  csv=  0.1  TOTAL= 49.2ms (20.3fps)
[timing avg/30f] grab=  0.1  detect= 44.9  fuse=  0.3  gui=  0.5  csv=  0.1  TOTAL= 46.1ms (21.7fps)
[timing avg/30f] grab=  0.1  detect= 46.5  fuse=  0.3  gui=  0.5  csv=  0.1  TOTAL= 47.7ms (21.0fps)
[timing avg/30f] grab=  0.1  detect= 48.0  fuse=  0.3  gui=  0.6  csv=  0.1  TOTAL= 49.3ms (20.3fps)
[timing avg/30f] grab=  0.1  detect= 47.9  fuse=  0.3  gui=  0.5  csv=  0.1  TOTAL= 49.1ms (20.4fps)
[timing avg/30f] grab=  0.1  detect= 47.1  fuse=  0.4  gui=  0.6  csv=  0.2  TOTAL= 48.6ms (20.6fps)
[timing avg/30f] grab=  0.1  detect= 51.7  fuse=  0.4  gui=  0.6  csv=  0.1  TOTAL= 53.0ms (18.9fps)
[timing avg/30f] grab=  0.1  detect= 51.8  fuse=  0.3  gui=  0.6  csv=  0.1  TOTAL= 53.1ms (18.8fps)
[timing avg/30f] grab=  0.1  detect= 49.1  fuse=  0.3  gui=  0.5  csv=  0.2  TOTAL= 50.3ms (19.9fps)
[timing avg/30f] grab=  0.1  detect= 48.9  fuse=  0.3  gui=  0.6  csv=  0.2  TOTAL= 50.2ms (19.9fps)
[timing avg/30f] grab=  0.1  detect= 49.1  fuse=  0.3  gui=  0.6  csv=  0.1  TOTAL= 50.3ms (19.9fps)
[timing avg/30f] grab=  0.1  detect= 43.8  fuse=  0.3  gui=  0.5  csv=  0.1  TOTAL= 45.0ms (22.2fps)
[timing avg/30f] grab=  0.1  detect= 47.9  fuse=  0.3  gui=  0.5  csv=  0.1  TOTAL= 49.0ms (20.4fps)
[timing avg/30f] grab=  0.1  detect= 46.9  fuse=  0.3  gui=  0.5  csv=  0.1  TOTAL= 48.1ms (20.8fps)
[timing avg/30f] grab=  0.1  detect= 43.7  fuse=  0.3  gui=  0.5  csv=  0.1  TOTAL= 44.9ms (22.3fps)
[timing avg/30f] grab=  0.1  detect= 48.8  fuse=  0.3  gui=  0.6  csv=  0.1  TOTAL= 50.1ms (20.0fps)
[timing avg/30f] grab=  0.1  detect= 45.7  fuse=  0.3  gui=  0.6  csv=  0.1  TOTAL= 46.9ms (21.3fps)
[timing avg/30f] grab=  0.1  detect= 46.6  fuse=  0.3  gui=  0.5  csv=  0.1  TOTAL= 47.8ms (20.9fps)
[multicam  1350] torso(pelvis)=[-0.820,+1.407,-0.688] box=[+0.694,+1.006,-0.235] rel=[+1.514,-0.401,+0.453] src(D/A/H)=3/0/0
[timing avg/30f] grab=  0.1  detect= 45.4  fuse=  0.3  gui=  0.6  csv=  0.1  TOTAL= 46.7ms (21.4fps)
[timing avg/30f] grab=  0.1  detect= 47.8  fuse=  0.3  gui=  0.6  csv=  0.1  TOTAL= 49.0ms (20.4fps)
[timing avg/30f] grab=  0.1  detect= 48.6  fuse=  0.3  gui=  0.6  csv=  0.1  TOTAL= 49.8ms (20.1fps)
[timing avg/30f] grab=  0.1  detect= 49.2  fuse=  0.3  gui=  0.6  csv=  0.1  TOTAL= 50.4ms (19.8fps)
[multicam  1470] torso(head)=[-0.901,+0.951,-0.921] box=[+0.689,+0.999,-0.223] rel=[+1.590,+0.048,+0.698] src(D/A/H)=3/0/0
[timing avg/30f] grab=  0.1  detect= 48.0  fuse=  0.3  gui=  0.6  csv=  0.2  TOTAL= 49.2ms (20.3fps)
[timing avg/30f] grab=  0.1  detect= 51.2  fuse=  0.3  gui=  0.6  csv=  0.2  TOTAL= 52.6ms (19.0fps)
[multicam  1530] torso(head)=[-0.875,+0.738,-0.961] box=[+0.701,+1.014,-0.172] rel=[+1.576,+0.276,+0.788] src(D/A/H)=3/0/0
[timing avg/30f] grab=  0.1  detect= 45.5  fuse=  0.3  gui=  0.6  csv=  0.2  TOTAL= 46.8ms (21.3fps)
[multicam  1560] torso(fused)=[-1.170,+0.773,-0.923] box=[+0.666,+1.017,-0.192] rel=[+1.836,+0.245,+0.731] src(D/A/H)=2/0/1
[timing avg/30f] grab=  0.1  detect= 49.8  fuse=  0.3  gui=  0.6  csv=  0.2  TOTAL= 51.2ms (19.5fps)
[multicam  1590] torso(fused)=[-1.301,+0.633,-0.946] box=[+0.683,+1.020,-0.187] rel=[+1.984,+0.387,+0.759] src(D/A/H)=2/1/0
[timing avg/30f] grab=  0.1  detect= 50.1  fuse=  0.3  gui=  0.6  csv=  0.2  TOTAL= 51.5ms (19.4fps)
[multicam  1620] torso(head)=[-1.318,+0.566,-0.927] box=[+0.670,+1.024,-0.210] rel=[+1.989,+0.458,+0.718] src(D/A/H)=3/0/0
[timing avg/30f] grab=  0.1  detect= 50.2  fuse=  0.3  gui=  0.6  csv=  0.2  TOTAL= 51.6ms (19.4fps)
[timing avg/30f] grab=  0.1  detect= 47.2  fuse=  0.3  gui=  0.6  csv=  0.2  TOTAL= 48.5ms (20.6fps)
[multicam  1680] torso(head)=[-0.942,+0.283,-0.911] box=[+0.700,+1.004,-0.255] rel=[+1.642,+0.721,+0.655] src(D/A/H)=3/0/0
[timing avg/30f] grab=  0.1  detect= 45.2  fuse=  0.3  gui=  0.6  csv=  0.2  TOTAL= 46.5ms (21.5fps)
[multicam  1710] torso(head)=[-0.414,+0.513,-0.997] box=[+0.719,+1.026,-0.187] rel=[+1.132,+0.513,+0.810] src(D/A/H)=3/0/0
[timing avg/30f] grab=  0.1  detect= 50.3  fuse=  0.3  gui=  0.6  csv=  0.2  TOTAL= 51.7ms (19.3fps)
[multicam  1740] torso(fused)=[-0.502,+0.746,-0.954] box=[+0.707,+1.006,-0.259] rel=[+1.209,+0.261,+0.695] src(D/A/H)=3/0/0
[timing avg/30f] grab=  0.1  detect= 46.8  fuse=  0.3  gui=  0.6  csv=  0.2  TOTAL= 48.2ms (20.7fps)
[multicam  1770] torso(head)=[-0.532,+0.752,-1.040] box=[+0.694,+1.000,-0.264] rel=[+1.225,+0.248,+0.776] src(D/A/H)=3/0/0
[timing avg/30f] grab=  0.1  detect= 51.3  fuse=  0.3  gui=  0.6  csv=  0.2  TOTAL= 52.5ms (19.0fps)
[timing avg/30f] grab=  0.1  detect= 53.8  fuse=  0.3  gui=  0.6  csv=  0.2  TOTAL= 55.1ms (18.1fps)
[timing avg/30f] grab=  0.1  detect= 46.7  fuse=  0.3  gui=  0.6  csv=  0.1  TOTAL= 47.9ms (20.9fps)Error, more than one new minima found.
Error, more than one new minima found.
Error, more than one new minima found.
Error, more than one new minima found.
Error, more than one new minima found.
Error, more than one new minima found.
Error, more than one new minima found.
Error, more than one new minima found.
Error, more than one new minima found.
Error, more than one new minima found.
Error, more than one new minima found.
Error, more than one new minima found.
Error, more than one new minima found.
Error, more than one new minima found.
Error, more than one new minima found.
Error, more than one new minima found.
Error, more than one new minima found.
Error, more than one new minima found.
Error, more than one new minima found.
Error, more than one new minima found.
Error, more than one new minima found.
Error, more than one new minima found.
Error, more than one new minima found.
Error, more than one new minima found.
Error, more than one new minima found.
Error, more than one new minima found.
Error, more than one new minima found.
Error, more than one new minima found.
Error, more than one new minima found.
Error, more than one new minima found.
Error, more than one new minima found.
Error, more than one new minima found.
Error, more than one new minima found.
Error, more than one new minima found.
Error, more than one new minima found.
Error, more than one new minima found.
Error, more than one new minima found.
Error, more than one new minima found.
Error, more than one new minima found.
Error, more than one new minima found.
Error, more than one new minima found.
Error, more than one new minima found.
Error, more than one new minima found.
Error, more than one new minima found.
Error, more than one new minima found.
Error, more than one new minima found.
Error, more than one new minima found.
Error, more than one new minima found.
Error, more than one new minima found.
Error, more than one new minima found.
Error, more than one new minima found.
Error, more than one new minima found.
Error, more than one new minima found.
Error, more than one new minima found.
Error, more than one new minima found.
Error, more than one new minima found.
Error, more than one new minima found.
Error, more than one new minima found.
Error, more than one new minima found.
Error, more than one new minima found.
Error, more than one new minima found.
Error, more than one new minima found.
Error, more than one new minima found.
Error, more than one new minima found.
Error, more than one new minima found.
Error, more than one new minima found.
Error, more than one new minima found.
Error, more than one new minima found.
Error, more than one new minima found.
Error, more than one new minima found.
Error, more than one new minima found.
Error, more than one new minima found.
Error, more than one new minima found.
Error, more than one new minima found.
Error, more than one new minima found.
Error, more than one new minima found.
Error, more than one new minima found.
Error, more than one new minima found.
Error, more than one new minima found.
Error, more than one new minima found.
Error, more than one new minima found.
Error, more than one new minima found.
Error, more than one new minima found.
Error, more than one new minima found.
Error, more than one new minima found.
Error, more than one new minima found.
Error, more than one new minima found.
Error, more than one new minima found.
Error, more than one new minima found.
Error, more than one new minima found.
Error, more than one new minima found.
Error, more than one new minima found.
Error, more than one new minima found.
Error, more than one new minima found.
Error, more than one new minima found.
Error, more than one new minima found.
Error, more than one new minima found.
Error, more than one new minima found.
Error, more than one new minima found.
Error, more than one new minima found.
Error, more than one new minima found.
Error, more than one new minima found.
Error, more than one new minima found.
Error, more than one new minima found.
Error, more than one new minima found.
Error, more than one new minima found.
Error, more than one new minima found.
Error, more than one new minima found.
Error, more than one new minima found.
Error, more than one new minima found.
Error, more than one new minima found.
Error, more than one new minima found.
Error, more than one new minima found.
Error, more than one new minima found.
Error, more than one new minima found.
Error, more than one new minima found.
Error, more than one new minima found.
Error, more than one new minima found.
Error, more than one new minima found.
Error, more than one new minima found.
Error, more than one new minima found.
Error, more than one new minima found.
Error, more than one new minima found.
Error, more than one new minima found.
Error, more than one new minima found.
Error, more than one new minima found.
Error, more than one new minima found.
Error, more than one new minima found.
Error, more than one new minima found.
Error, more than one new minima found.
Error, more than one new minima found.
Error, more than one new minima found.
Error, more than one new minima found.
Error, more than one new minima found.
Error, more than one new minima found.
Error, more than one new minima found.
Error, more than one new minima found.
Error, more than one new minima found.
Error, more than one new minima found.
Error, more than one new minima found.
Error, more than one new minima found.
Error, more than one new minima found.
Error, more than one new minima found.
Error, more than one new minima found.
Error, more than one new minima found.
Error, more than one new minima found.
Error, more than one new minima found.
Error, more than one new minima found.
Error, more than one new minima found.
Error, more than one new minima found.
Error, more than one new minima found.
Error, more than one new minima found.
Error, more than one new minima found.
Error, more than one new minima found.
Error, more than one new minima found.
Error, more than one new minima found.
Error, more than one new minima found.
Error, more than one new minima found.
Error, more than one new minima found.
Error, more than one new minima found.
Error, more than one new minima found.
Error, more than one new minima found.
Error, more than one new minima found.
Error, more than one new minima found.
Error, more than one new minima found.
Error, more than one new minima found.
Error, more than one new minima found.
Error, more than one new minima found.
Error, more than one new minima found.
Error, more than one new minima found.
Error, more than one new minima found.
Error, more than one new minima found.
Error, more than one new minima found.
Error, more than one new minima found.
Error, more than one new minima found.
Error, more than one new minima found.
Error, more than one new minima found.
Error, more than one new minima found.
Error, more than one new minima found.
Error, more than one new minima found.
Error, more than one new minima found.
Error, more than one new minima found.
Error, more than one new minima found.
Error, more than one new minima found.
Error, more than one new minima found.
Error, more than one new minima found.
Error, more than one new minima found.
Error, more than one new minima found.
Error, more than one new minima found.
Error, more than one new minima found.
Error, more than one new minima found.
Error, more than one new minima found.
Error, more than one new minima found.
Error, more than one new minima found.
Error, more than one new minima found.
Error, more than one new minima found.
Error, more than one new minima found.
Error, more than one new minima found.
Error, more than one new minima found.
Error, more than one new minima found.
Error, more than one new minima found.
Error, more than one new minima found.
Error, more than one new minima found.
Error, more than one new minima found.
Error, more than one new minima found.
Error, more than one new minima found.
Error, more than one new minima found.
Error, more than one new minima found.
Error, more than one new minima found.
Error, more than one new minima found.
Error, more than one new minima found.
Error, more than one new minima found.
Error, more than one new minima found.
Error, more than one new minima found.
Error, more than one new minima found.
Error, more than one new minima found.
Error, more than one new minima found.
Error, more than one new minima found.
Error, more than one new minima found.
Error, more than one new minima found.
Error, more than one new minima found.
Error, more than one new minima found.
Error, more than one new minima found.
Error, more than one new minima found.
Error, more than one new minima found.
Error, more than one new minima found.
Error, more than one new minima found.
Error, more than one new minima found.
Error, more than one new minima found.
Error, more than one new minima found.
Error, more than one new minima found.
Error, more than one new minima found.
Error, more than one new minima found.
Error, more than one new minima found.
Error, more than one new minima found.
Error, more than one new minima found.
Error, more than one new minima found.
Error, more than one new minima found.
Error, more than one new minima found.
Error, more than one new minima found.
Error, more than one new minima found.
Error, more than one new minima found.
Error, more than one new minima found.
Error, more than one new minima found.
Error, more than one new minima found.
Error, more than one new minima found.
Error, more than one new minima found.
Error, more than one new minima found.
Error, more than one new minima found.
Error, more than one new minima found.
Error, more than one new minima found.
Error, more than one new minima found.
Error, more than one new minima found.
Error, more than one new minima found.
Error, more than one new minima found.
Error, more than one new minima found.
Error, more than one new minima found.
Error, more than one new minima found.
Error, more than one new minima found.
Error, more than one new minima found.
Error, more than one new minima found.
Error, more than one new minima found.
Error, more than one new minima found.
Error, more than one new minima found.
Error, more than one new minima found.
Error, more than one new minima found.
Error, more than one new minima found.
Error, more than one new minima found.
Error, more than one new minima found.
Error, more than one new minima found.
Error, more than one new minima found.
Error, more than one new minima found.
Error, more than one new minima found.
Error, more than one new minima found.
Error, more than one new minima found.
Error, more than one new minima found.
Error, more than one new minima found.
Error, more than one new minima found.
Error, more than one new minima found.
Error, more than one new minima found.
Error, more than one new minima found.
Error, more than one new minima found.
Error, more than one new minima found.
Error, more than one new minima found.
Error, more than one new minima found.
Error, more than one new minima found.
Error, more than one new minima found.
Error, more than one new minima found.
Error, more than one new minima found.
Error, more than one new minima found.
Error, more than one new minima found.
Error, more than one new minima found.
Error, more than one new minima found.
Error, more than one new minima found.
Error, more than one new minima found.
Error, more than one new minima found.
Error, more than one new minima found.
Error, more than one new minima found.
Error, more than one new minima found.
Error, more than one new minima found.
